<html>
<body>
<pre>
<h1>Vision Build Log</h1>
<h2>Project:</h2>
C:\Users\DYS7\Desktop\100步\1-2-39-DHT11温湿度显示程序\YT32B1_STM32F103_demo.uvproj
Project File Date:  06/19/2018

<h2>Output:</h2>
Build target 'Target 1'
compiling core_cm3.c...
compiling system_stm32f10x.c...
compiling misc.c...
compiling stm32f10x_gpio.c...
compiling stm32f10x_rcc.c...
compiling stm32f10x_usart.c...
compiling stm32f10x_bkp.c...
compiling stm32f10x_pwr.c...
compiling stm32f10x_rtc.c...
compiling stm32f10x_flash.c...
compiling stm32f10x_i2c.c...
compiling stm32f10x_exti.c...
compiling stm32f10x_tim.c...
assembling startup_stm32f10x_md.s...
compiling main.c...
compiling stm32f10x_it.c...
compiling delay.c...
compiling sys.c...
compiling i2c.c...
compiling pwm.c...
compiling relay.c...
compiling oled0561.c...
compiling SG90.c...
compiling touch_key.c...
linking...
Program Size: Code=11160 RO-data=2956 RW-data=40 ZI-data=1632  
FromELF: creating hex file...
"YT32B1_STM32F103_demo.axf" - 0 Error(s), 0 Warning(s).
Build target 'Target 1'
compiling core_cm3.c...
compiling system_stm32f10x.c...
compiling misc.c...
compiling stm32f10x_gpio.c...
compiling stm32f10x_rcc.c...
compiling stm32f10x_usart.c...
compiling stm32f10x_pwr.c...
compiling stm32f10x_i2c.c...
compiling stm32f10x_rtc.c...
assembling startup_stm32f10x_md.s...
compiling main.c...
compiling stm32f10x_it.c...
compiling delay.c...
compiling sys.c...
compiling i2c.c...
compiling relay.c...
compiling oled0561.c...
linking...
YT32B1_STM32F103_demo.axf: Error: L6218E: Undefined symbol FLASH_PrefetchBufferCmd (referred from sys.o).
YT32B1_STM32F103_demo.axf: Error: L6218E: Undefined symbol FLASH_SetLatency (referred from sys.o).
YT32B1_STM32F103_demo.axf: Not enough information to list image symbols.
YT32B1_STM32F103_demo.axf: Finished: 1 information, 0 warning and 2 error messages.
Target not created
Build target 'Target 1'
compiling core_cm3.c...
compiling system_stm32f10x.c...
compiling misc.c...
compiling stm32f10x_gpio.c...
compiling stm32f10x_rcc.c...
compiling stm32f10x_usart.c...
compiling stm32f10x_pwr.c...
compiling stm32f10x_i2c.c...
compiling stm32f10x_rtc.c...
compiling main.c...
compiling stm32f10x_it.c...
compiling delay.c...
compiling sys.c...
compiling i2c.c...
compiling relay.c...
compiling oled0561.c...
compiling dht11.c...
linking...
YT32B1_STM32F103_demo.axf: Error: L6218E: Undefined symbol FLASH_PrefetchBufferCmd (referred from sys.o).
YT32B1_STM32F103_demo.axf: Error: L6218E: Undefined symbol FLASH_SetLatency (referred from sys.o).
YT32B1_STM32F103_demo.axf: Not enough information to list image symbols.
YT32B1_STM32F103_demo.axf: Finished: 1 information, 0 warning and 2 error messages.
Target not created
Build target 'Target 1'
compiling stm32f10x_flash.c...
linking...
Program Size: Code=7296 RO-data=2956 RW-data=40 ZI-data=1632  
FromELF: creating hex file...
"YT32B1_STM32F103_demo.axf" - 0 Error(s), 0 Warning(s).
Build target 'Target 1'
compiling main.c...
User\main.c(42): warning:  #223-D: function "DHT11_READ" declared implicitly
User\main.c:            a=DHT11_READ();//读出温湿度值
User\main.c:              ^
User\main.c: User\main.c: 1 warning, 0 errors
compiling dht11.c...
Hardware\DHT11\dht11.c(39): error:  #20: identifier "RELAYPORT" is undefined
Hardware\DHT11\dht11.c:         GPIO_ResetBits(RELAYPORT,DHT1_IO); //   
Hardware\DHT11\dht11.c:                        ^
Hardware\DHT11\dht11.c(59): warning:  #940-D: missing return statement at end of non-void function "DHT11_READ"
Hardware\DHT11\dht11.c:   }
Hardware\DHT11\dht11.c:   ^
Hardware\DHT11\dht11.c: Hardware\DHT11\dht11.c: 1 warning, 1 error
Target not created
Build target 'Target 1'
compiling dht11.c...
Hardware\DHT11\dht11.c(59): warning:  #940-D: missing return statement at end of non-void function "DHT11_READ"
Hardware\DHT11\dht11.c:   }
Hardware\DHT11\dht11.c:   ^
Hardware\DHT11\dht11.c: Hardware\DHT11\dht11.c: 1 warning, 0 errors
linking...
Program Size: Code=7580 RO-data=2956 RW-data=40 ZI-data=1632  
FromELF: creating hex file...
"YT32B1_STM32F103_demo.axf" - 0 Error(s), 1 Warning(s).
Build target 'Target 1'
compiling dht11.c...
Hardware\DHT11\dht11.c(42): warning:  #223-D: function "delay_ms" declared implicitly
Hardware\DHT11\dht11.c:         delay_ms(20); //拉低至少18ms                                            
Hardware\DHT11\dht11.c:         ^
Hardware\DHT11\dht11.c(44): warning:  #223-D: function "delay_us" declared implicitly
Hardware\DHT11\dht11.c:         delay_us(30); //主机拉高20~40us
Hardware\DHT11\dht11.c:         ^
Hardware\DHT11\dht11.c(52): warning:  #223-D: function "delay_us" declared implicitly
Hardware\DHT11\dht11.c:           delay_us(1);
Hardware\DHT11\dht11.c:           ^
Hardware\DHT11\dht11.c(58): warning:  #223-D: function "delay_us" declared implicitly
Hardware\DHT11\dht11.c:           delay_us(1);
Hardware\DHT11\dht11.c:           ^
Hardware\DHT11\dht11.c(68): warning:  #223-D: function "delay_us" declared implicitly
Hardware\DHT11\dht11.c:           delay_us(1);
Hardware\DHT11\dht11.c:           ^
Hardware\DHT11\dht11.c(73): warning:  #223-D: function "delay_us" declared implicitly
Hardware\DHT11\dht11.c:           delay_us(1);
Hardware\DHT11\dht11.c:           ^
Hardware\DHT11\dht11.c(75): warning:  #223-D: function "delay_us" declared implicitly
Hardware\DHT11\dht11.c:       delay_us(40);//等待40us
Hardware\DHT11\dht11.c:       ^
Hardware\DHT11\dht11.c(103): warning:  #223-D: function "Dht11Rst" declared implicitly
Hardware\DHT11\dht11.c:       Dht11Rst();
Hardware\DHT11\dht11.c:       ^
Hardware\DHT11\dht11.c: Hardware\DHT11\dht11.c: 8 warnings, 0 errors
linking...
YT32B1_STM32F103_demo.axf: Error: L6218E: Undefined symbol DHT11_READ (referred from main.o).
YT32B1_STM32F103_demo.axf: Error: L6218E: Undefined symbol Dht11Rst (referred from dht11.o).
YT32B1_STM32F103_demo.axf: Not enough information to list image symbols.
YT32B1_STM32F103_demo.axf: Finished: 1 information, 0 warning and 2 error messages.
Target not created
Build target 'Target 1'
compiling dht11.c...
Hardware\DHT11\dht11.c(103): warning:  #223-D: function "Dht11Rst" declared implicitly
Hardware\DHT11\dht11.c:       Dht11Rst();
Hardware\DHT11\dht11.c:       ^
Hardware\DHT11\dht11.c: Hardware\DHT11\dht11.c: 1 warning, 0 errors
linking...
YT32B1_STM32F103_demo.axf: Error: L6218E: Undefined symbol DHT11_READ (referred from main.o).
YT32B1_STM32F103_demo.axf: Error: L6218E: Undefined symbol Dht11Rst (referred from dht11.o).
YT32B1_STM32F103_demo.axf: Not enough information to list image symbols.
YT32B1_STM32F103_demo.axf: Finished: 1 information, 0 warning and 2 error messages.
Target not created
Build target 'Target 1'
compiling dht11.c...
Hardware\DHT11\dht11.c(97): warning:  #223-D: function "DHT11RST" declared implicitly
Hardware\DHT11\dht11.c:         DHT11RST();
Hardware\DHT11\dht11.c:         ^
Hardware\DHT11\dht11.c: Hardware\DHT11\dht11.c: 1 warning, 0 errors
linking...
YT32B1_STM32F103_demo.axf: Error: L6218E: Undefined symbol DHT11_READ (referred from main.o).
YT32B1_STM32F103_demo.axf: Error: L6218E: Undefined symbol DHT11RST (referred from dht11.o).
YT32B1_STM32F103_demo.axf: Not enough information to list image symbols.
YT32B1_STM32F103_demo.axf: Finished: 1 information, 0 warning and 2 error messages.
Target not created
Build target 'Target 1'
compiling dht11.c...
Hardware\DHT11\dht11.c(85): warning:  #223-D: function "Dht11ReadBit" declared implicitly
Hardware\DHT11\dht11.c:           dat|=Dht11ReadBit();
Hardware\DHT11\dht11.c:                ^
Hardware\DHT11\dht11.c(104): warning:  #223-D: function "Dht11Check" declared implicitly
Hardware\DHT11\dht11.c:       if(Dht11Check()==0){
Hardware\DHT11\dht11.c:          ^
Hardware\DHT11\dht11.c(106): warning:  #223-D: function "Dht11ReadByte" declared implicitly
Hardware\DHT11\dht11.c:               buf[i]=Dht11ReadByte();
Hardware\DHT11\dht11.c:                      ^
Hardware\DHT11\dht11.c: Hardware\DHT11\dht11.c: 3 warnings, 0 errors
linking...
YT32B1_STM32F103_demo.axf: Error: L6218E: Undefined symbol DHT11_READ (referred from main.o).
YT32B1_STM32F103_demo.axf: Error: L6218E: Undefined symbol Dht11Check (referred from dht11.o).
YT32B1_STM32F103_demo.axf: Error: L6218E: Undefined symbol Dht11ReadBit (referred from dht11.o).
YT32B1_STM32F103_demo.axf: Error: L6218E: Undefined symbol Dht11ReadByte (referred from dht11.o).
YT32B1_STM32F103_demo.axf: Not enough information to list image symbols.
YT32B1_STM32F103_demo.axf: Finished: 1 information, 0 warning and 4 error messages.
Target not created
Build target 'Target 1'
compiling dht11.c...
linking...
YT32B1_STM32F103_demo.axf: Error: L6218E: Undefined symbol DHT11_READ (referred from main.o).
YT32B1_STM32F103_demo.axf: Not enough information to list image symbols.
YT32B1_STM32F103_demo.axf: Finished: 1 information, 0 warning and 1 error messages.
Target not created
Build target 'Target 1'
compiling main.c...
User\main.c(42): warning:  #223-D: function "Dht11_ReadData" declared implicitly
User\main.c:            a=Dht11_ReadData();//读出温湿度值
User\main.c:              ^
User\main.c: User\main.c: 1 warning, 0 errors
linking...
Program Size: Code=7888 RO-data=2956 RW-data=40 ZI-data=1632  
FromELF: creating hex file...
"YT32B1_STM32F103_demo.axf" - 0 Error(s), 1 Warning(s).
Build target 'Target 1'
compiling main.c...
User\main.c(42): warning:  #223-D: function "DHT11_ReadData" declared implicitly
User\main.c:            DHT11_ReadData(b1,b2);//读出温湿度值
User\main.c:            ^
User\main.c: User\main.c: 1 warning, 0 errors
compiling dht11.c...
linking...
Program Size: Code=7892 RO-data=2956 RW-data=40 ZI-data=1632  
FromELF: creating hex file...
"YT32B1_STM32F103_demo.axf" - 0 Error(s), 1 Warning(s).
Build target 'Target 1'
compiling main.c...
User\main.c(42): warning:  #223-D: function "DHT11_ReadData" declared implicitly
User\main.c:            DHT11_ReadData(b1,b2);//读出温湿度值  温度 0～50C  湿度 20～90%
User\main.c:            ^
User\main.c(27): warning:  #177-D: variable "a" was declared but never referenced
User\main.c:    u16 a;
User\main.c:        ^
User\main.c: User\main.c: 2 warnings, 0 errors
linking...
Program Size: Code=7864 RO-data=2956 RW-data=40 ZI-data=1632  
FromELF: creating hex file...
"YT32B1_STM32F103_demo.axf" - 0 Error(s), 2 Warning(s).
Build target 'Target 1'
compiling main.c...
User\main.c(41): warning:  #223-D: function "DHT11_ReadData" declared implicitly
User\main.c:            if(DHT11_ReadData(b1,b2)){//读出温湿度值  温度 0～50C  湿度 20～90%
User\main.c:               ^
User\main.c: User\main.c: 1 warning, 0 errors
linking...
Program Size: Code=7868 RO-data=2956 RW-data=40 ZI-data=1632  
FromELF: creating hex file...
"YT32B1_STM32F103_demo.axf" - 0 Error(s), 1 Warning(s).
Build target 'Target 1'
compiling main.c...
User\main.c(42): error:  #167: argument of type "u8" is incompatible with parameter of type "u8 *"
User\main.c:            if(DHT11_ReadData(b1,b2)==0){//读出温湿度值  温度 0～50C  湿度 20～90%
User\main.c:                              ^
User\main.c(42): error:  #167: argument of type "u8" is incompatible with parameter of type "u8 *"
User\main.c:            if(DHT11_ReadData(b1,b2)==0){//读出温湿度值  温度 0～50C  湿度 20～90%
User\main.c:                                 ^
User\main.c: User\main.c: 0 warnings, 2 errors
Target not created
Build target 'Target 1'
compiling main.c...
User\main.c(42): warning:  #167-D: argument of type "char *" is incompatible with parameter of type "u8 *"
User\main.c:            if(DHT11_ReadData((char*)b1,(char*)b2)==0){//读出温湿度值  温度 0～50C  湿度 20～90%
User\main.c:                              ^
User\main.c(42): warning:  #167-D: argument of type "char *" is incompatible with parameter of type "u8 *"
User\main.c:            if(DHT11_ReadData((char*)b1,(char*)b2)==0){//读出温湿度值  温度 0～50C  湿度 20～90%
User\main.c:                                        ^
User\main.c: User\main.c: 2 warnings, 0 errors
linking...
Program Size: Code=7868 RO-data=2956 RW-data=40 ZI-data=1632  
FromELF: creating hex file...
"YT32B1_STM32F103_demo.axf" - 0 Error(s), 2 Warning(s).
Build target 'Target 1'
compiling main.c...
User\main.c(42): error:  #167: argument of type "u8" is incompatible with parameter of type "u8 *"
User\main.c:            if(DHT11_ReadData(b1,b2)==0){//读出温湿度值  温度 0～50C  湿度 20～90%
User\main.c:                              ^
User\main.c(42): error:  #167: argument of type "u8" is incompatible with parameter of type "u8 *"
User\main.c:            if(DHT11_ReadData(b1,b2)==0){//读出温湿度值  温度 0～50C  湿度 20～90%
User\main.c:                                 ^
User\main.c: User\main.c: 0 warnings, 2 errors
Target not created
Build target 'Target 1'
compiling main.c...
User\main.c(28): error:  #20: identifier "b1" is undefined
User\main.c:    (u8*) b1,b2;
User\main.c:          ^
User\main.c(28): error:  #20: identifier "b2" is undefined
User\main.c:    (u8*) b1,b2;
User\main.c:             ^
User\main.c: User\main.c: 0 warnings, 2 errors
Target not created
Build target 'Target 1'
compiling main.c...
linking...
Program Size: Code=7868 RO-data=2956 RW-data=40 ZI-data=1632  
FromELF: creating hex file...
"YT32B1_STM32F103_demo.axf" - 0 Error(s), 0 Warning(s).
Build target 'Target 1'
compiling dht11.c...
linking...
Program Size: Code=7868 RO-data=2956 RW-data=40 ZI-data=1632  
FromELF: creating hex file...
"YT32B1_STM32F103_demo.axf" - 0 Error(s), 0 Warning(s).
Build target 'Target 1'
compiling main.c...
linking...
Program Size: Code=7872 RO-data=2956 RW-data=40 ZI-data=1632  
FromELF: creating hex file...
"YT32B1_STM32F103_demo.axf" - 0 Error(s), 0 Warning(s).
Build target 'Target 1'
compiling dht11.c...
Hardware\DHT11\dht11.c(90): error:  #147: declaration is incompatible with "void DHT11_Init(void)" (declared at line 16 of "Hardware\DHT11\dht11.h")
Hardware\DHT11\dht11.c:   u8 DHT11_Init (void){ //DHT11初始化
Hardware\DHT11\dht11.c:      ^
Hardware\DHT11\dht11.c: Hardware\DHT11\dht11.c: 0 warnings, 1 error
Target not created
Build target 'Target 1'
compiling main.c...
compiling dht11.c...
linking...
Program Size: Code=7876 RO-data=2956 RW-data=40 ZI-data=1632  
FromELF: creating hex file...
"YT32B1_STM32F103_demo.axf" - 0 Error(s), 0 Warning(s).
Build target 'Target 1'
compiling main.c...
linking...
Program Size: Code=7908 RO-data=2956 RW-data=40 ZI-data=1632  
FromELF: creating hex file...
"YT32B1_STM32F103_demo.axf" - 0 Error(s), 0 Warning(s).
Build target 'Target 1'
compiling main.c...
compiling dht11.c...
linking...
Program Size: Code=7908 RO-data=2956 RW-data=40 ZI-data=1632  
FromELF: creating hex file...
"YT32B1_STM32F103_demo.axf" - 0 Error(s), 0 Warning(s).
Build target 'Target 1'
compiling dht11.c...
linking...
Program Size: Code=7876 RO-data=2956 RW-data=40 ZI-data=1632  
FromELF: creating hex file...
"YT32B1_STM32F103_demo.axf" - 0 Error(s), 0 Warning(s).
Build target 'Target 1'
compiling main.c...
User\main.c(47): error:  #167: argument of type "u8" is incompatible with parameter of type "u8 *"
User\main.c:            if(DHT11_ReadData(b[1],b[2])==0){//读出温湿度值  温度 0～50C  湿度 20～90%
User\main.c:                              ^
User\main.c(47): warning:  #175-D: subscript out of range
User\main.c:            if(DHT11_ReadData(b[1],b[2])==0){//读出温湿度值  温度 0～50C  湿度 20～90%
User\main.c:                                   ^
User\main.c(47): error:  #167: argument of type "u8" is incompatible with parameter of type "u8 *"
User\main.c:            if(DHT11_ReadData(b[1],b[2])==0){//读出温湿度值  温度 0～50C  湿度 20～90%
User\main.c:                                   ^
User\main.c(51): warning:  #175-D: subscript out of range
User\main.c:                    OLED_DISPLAY_8x16(6,11*8,b[2]/16 +0x30);//显示湿度值
User\main.c:                                             ^
User\main.c(52): warning:  #175-D: subscript out of range
User\main.c:                    OLED_DISPLAY_8x16(6,12*8,b[2]%16 +0x30);//
User\main.c:                                             ^
User\main.c(28): warning:  #177-D: variable "b1" was declared but never referenced
User\main.c:    u8 b1,b2;
User\main.c:       ^
User\main.c(28): warning:  #177-D: variable "b2" was declared but never referenced
User\main.c:    u8 b1,b2;
User\main.c:          ^
User\main.c: User\main.c: 5 warnings, 2 errors
compiling dht11.c...
Target not created
Build target 'Target 1'
compiling main.c...
User\main.c(29): warning:  #177-D: variable "b" was declared but never referenced
User\main.c:    u8 b[2];
User\main.c:       ^
User\main.c: User\main.c: 1 warning, 0 errors
linking...
Program Size: Code=7916 RO-data=2956 RW-data=40 ZI-data=1632  
FromELF: creating hex file...
"YT32B1_STM32F103_demo.axf" - 0 Error(s), 1 Warning(s).
Build target 'Target 1'
compiling main.c...
User\main.c(29): warning:  #177-D: variable "b" was declared but never referenced
User\main.c:    u8 b[2];
User\main.c:       ^
User\main.c: User\main.c: 1 warning, 0 errors
compiling dht11.c...
linking...
Program Size: Code=7888 RO-data=2956 RW-data=40 ZI-data=1632  
FromELF: creating hex file...
"YT32B1_STM32F103_demo.axf" - 0 Error(s), 1 Warning(s).
Build target 'Target 1'
compiling main.c...
User\main.c(29): warning:  #177-D: variable "b" was declared but never referenced
User\main.c:    u8 b[2];
User\main.c:       ^
User\main.c: User\main.c: 1 warning, 0 errors
linking...
Program Size: Code=7908 RO-data=2956 RW-data=40 ZI-data=1632  
FromELF: creating hex file...
"YT32B1_STM32F103_demo.axf" - 0 Error(s), 1 Warning(s).
Build target 'Target 1'
compiling main.c...
linking...
Program Size: Code=7908 RO-data=2956 RW-data=40 ZI-data=1632  
FromELF: creating hex file...
"YT32B1_STM32F103_demo.axf" - 0 Error(s), 0 Warning(s).
Build target 'Target 1'
compiling main.c...
linking...
Program Size: Code=7916 RO-data=2956 RW-data=40 ZI-data=1632  
FromELF: creating hex file...
"YT32B1_STM32F103_demo.axf" - 0 Error(s), 0 Warning(s).
Build target 'Target 1'
compiling main.c...
linking...
Program Size: Code=7824 RO-data=2956 RW-data=40 ZI-data=1632  
FromELF: creating hex file...
"YT32B1_STM32F103_demo.axf" - 0 Error(s), 0 Warning(s).
Build target 'Target 1'
compiling main.c...
linking...
Program Size: Code=7836 RO-data=2956 RW-data=40 ZI-data=1632  
FromELF: creating hex file...
"YT32B1_STM32F103_demo.axf" - 0 Error(s), 0 Warning(s).
Build target 'Target 1'
compiling main.c...
linking...
Program Size: Code=7836 RO-data=2956 RW-data=40 ZI-data=1632  
FromELF: creating hex file...
"YT32B1_STM32F103_demo.axf" - 0 Error(s), 0 Warning(s).
Build target 'Target 1'
compiling main.c...
compiling dht11.c...
linking...
Program Size: Code=7836 RO-data=2956 RW-data=40 ZI-data=1632  
FromELF: creating hex file...
"YT32B1_STM32F103_demo.axf" - 0 Error(s), 0 Warning(s).
Build target 'Target 1'
compiling main.c...
linking...
Program Size: Code=7928 RO-data=2956 RW-data=40 ZI-data=1632  
FromELF: creating hex file...
"YT32B1_STM32F103_demo.axf" - 0 Error(s), 0 Warning(s).
Build target 'Target 1'
compiling main.c...
linking...
Program Size: Code=7936 RO-data=2956 RW-data=40 ZI-data=1632  
FromELF: creating hex file...
"YT32B1_STM32F103_demo.axf" - 0 Error(s), 0 Warning(s).
Build target 'Target 1'
compiling main.c...
linking...
Program Size: Code=7936 RO-data=2956 RW-data=40 ZI-data=1632  
FromELF: creating hex file...
"YT32B1_STM32F103_demo.axf" - 0 Error(s), 0 Warning(s).
Build target 'Target 1'
compiling main.c...
linking...
Program Size: Code=7936 RO-data=2956 RW-data=40 ZI-data=1632  
FromELF: creating hex file...
"YT32B1_STM32F103_demo.axf" - 0 Error(s), 0 Warning(s).
Build target 'Target 1'
compiling dht11.c...
linking...
Program Size: Code=7936 RO-data=2956 RW-data=40 ZI-data=1632  
FromELF: creating hex file...
"YT32B1_STM32F103_demo.axf" - 0 Error(s), 0 Warning(s).
Build target 'Target 1'
compiling main.c...
linking...
Program Size: Code=7928 RO-data=2956 RW-data=40 ZI-data=1632  
FromELF: creating hex file...
"YT32B1_STM32F103_demo.axf" - 0 Error(s), 0 Warning(s).
Build target 'Target 1'
compiling dht11.c...
linking...
Program Size: Code=7928 RO-data=2956 RW-data=40 ZI-data=1632  
FromELF: creating hex file...
"YT32B1_STM32F103_demo.axf" - 0 Error(s), 0 Warning(s).
Build target 'Target 1'
compiling dht11.c...
linking...
Program Size: Code=7928 RO-data=2956 RW-data=40 ZI-data=1632  
FromELF: creating hex file...
"YT32B1_STM32F103_demo.axf" - 0 Error(s), 0 Warning(s).
Build target 'Target 1'
compiling dht11.c...
linking...
Program Size: Code=7940 RO-data=2956 RW-data=40 ZI-data=1632  
FromELF: creating hex file...
"YT32B1_STM32F103_demo.axf" - 0 Error(s), 0 Warning(s).
Build target 'Target 1'
compiling dht11.c...
linking...
Program Size: Code=7940 RO-data=2956 RW-data=40 ZI-data=1632  
FromELF: creating hex file...
"YT32B1_STM32F103_demo.axf" - 0 Error(s), 0 Warning(s).
Build target 'Target 1'
compiling dht11.c...
linking...
Program Size: Code=7940 RO-data=2956 RW-data=40 ZI-data=1632  
FromELF: creating hex file...
"YT32B1_STM32F103_demo.axf" - 0 Error(s), 0 Warning(s).
Build target 'Target 1'
compiling main.c...
linking...
Program Size: Code=7948 RO-data=2956 RW-data=40 ZI-data=1632  
FromELF: creating hex file...
"YT32B1_STM32F103_demo.axf" - 0 Error(s), 0 Warning(s).
Build target 'Target 1'
compiling main.c...
linking...
Program Size: Code=7908 RO-data=2956 RW-data=40 ZI-data=1632  
FromELF: creating hex file...
"YT32B1_STM32F103_demo.axf" - 0 Error(s), 0 Warning(s).
Build target 'Target 1'
compiling main.c...
linking...
Program Size: Code=7912 RO-data=2956 RW-data=40 ZI-data=1632  
FromELF: creating hex file...
"YT32B1_STM32F103_demo.axf" - 0 Error(s), 0 Warning(s).
Build target 'Target 1'
compiling main.c...
linking...
Program Size: Code=7952 RO-data=2956 RW-data=40 ZI-data=1632  
FromELF: creating hex file...
"YT32B1_STM32F103_demo.axf" - 0 Error(s), 0 Warning(s).
Build target 'Target 1'
compiling main.c...
linking...
Program Size: Code=7900 RO-data=2956 RW-data=40 ZI-data=1632  
FromELF: creating hex file...
"YT32B1_STM32F103_demo.axf" - 0 Error(s), 0 Warning(s).
Build target 'Target 1'
compiling dht11.c...
Hardware\DHT11\dht11.c(92): warning:  #111-D: statement is unreachable
Hardware\DHT11\dht11.c:         DHT11_IO_OUT();
Hardware\DHT11\dht11.c:         ^
Hardware\DHT11\dht11.c: Hardware\DHT11\dht11.c: 1 warning, 0 errors
linking...
Program Size: Code=7900 RO-data=2956 RW-data=40 ZI-data=1632  
FromELF: creating hex file...
"YT32B1_STM32F103_demo.axf" - 0 Error(s), 1 Warning(s).
Build target 'Target 1'
compiling dht11.c...
linking...
Program Size: Code=7900 RO-data=2956 RW-data=40 ZI-data=1632  
FromELF: creating hex file...
"YT32B1_STM32F103_demo.axf" - 0 Error(s), 0 Warning(s).
Build target 'Target 1'
compiling main.c...
linking...
Program Size: Code=7892 RO-data=2956 RW-data=40 ZI-data=1632  
FromELF: creating hex file...
"YT32B1_STM32F103_demo.axf" - 0 Error(s), 0 Warning(s).
Build target 'Target 1'
compiling main.c...
compiling dht11.c...
linking...
Program Size: Code=7952 RO-data=2956 RW-data=40 ZI-data=1632  
FromELF: creating hex file...
"YT32B1_STM32F103_demo.axf" - 0 Error(s), 0 Warning(s).
Build target 'Target 1'
compiling main.c...
User\main.c(47): error:  #165: too few arguments in function call
User\main.c:            if(DHT11_ReadData(b)==0){//读出温湿度值  温度 0～50C  湿度 20～90%
User\main.c:                               ^
User\main.c: User\main.c: 0 warnings, 1 error
compiling dht11.c...
Hardware\DHT11\dht11.c(94): error:  #147-D: declaration is incompatible with "u8 DHT11_ReadData(u8 *, u8 *)" (declared at line 17 of "Hardware\DHT11\dht11.h")
Hardware\DHT11\dht11.c:   u8 DHT11_ReadData(u8 *h){ //读取一次数据   temp:温度值(范围:0~50°)  humi:湿度值(范围:20%~90%) 返回值：0,正常;1,读取失败 
Hardware\DHT11\dht11.c:      ^
Hardware\DHT11\dht11.c: Hardware\DHT11\dht11.c: 0 warnings, 1 error
Target not created
Build target 'Target 1'
compiling main.c...
compiling dht11.c...
linking...
Program Size: Code=7960 RO-data=2956 RW-data=40 ZI-data=1632  
FromELF: creating hex file...
"YT32B1_STM32F103_demo.axf" - 0 Error(s), 0 Warning(s).
Build target 'Target 1'
compiling main.c...
linking...
Program Size: Code=7952 RO-data=2956 RW-data=40 ZI-data=1632  
FromELF: creating hex file...
"YT32B1_STM32F103_demo.axf" - 0 Error(s), 0 Warning(s).
Build target 'Target 1'
compiling main.c...
compiling dht11.c...
linking...
Program Size: Code=7952 RO-data=2956 RW-data=40 ZI-data=1632  
FromELF: creating hex file...
"YT32B1_STM32F103_demo.axf" - 0 Error(s), 0 Warning(s).
Build target 'Target 1'
compiling main.c...
linking...
Program Size: Code=7952 RO-data=2956 RW-data=40 ZI-data=1632  
FromELF: creating hex file...
"YT32B1_STM32F103_demo.axf" - 0 Error(s), 0 Warning(s).
Build target 'Target 1'
compiling main.c...
linking...
Program Size: Code=7952 RO-data=2956 RW-data=40 ZI-data=1632  
FromELF: creating hex file...
"YT32B1_STM32F103_demo.axf" - 0 Error(s), 0 Warning(s).
Build target 'Target 1'
compiling main.c...
linking...
Program Size: Code=7952 RO-data=2956 RW-data=40 ZI-data=1632  
FromELF: creating hex file...
"YT32B1_STM32F103_demo.axf" - 0 Error(s), 0 Warning(s).
Build target 'Target 1'
compiling main.c...
linking...
Program Size: Code=7952 RO-data=2956 RW-data=40 ZI-data=1632  
FromELF: creating hex file...
"YT32B1_STM32F103_demo.axf" - 0 Error(s), 0 Warning(s).
Build target 'Target 1'
compiling main.c...
linking...
Program Size: Code=7944 RO-data=2956 RW-data=40 ZI-data=1632  
FromELF: creating hex file...
"YT32B1_STM32F103_demo.axf" - 0 Error(s), 0 Warning(s).
Build target 'Target 1'
compiling main.c...
linking...
Program Size: Code=7952 RO-data=2956 RW-data=40 ZI-data=1632  
FromELF: creating hex file...
"YT32B1_STM32F103_demo.axf" - 0 Error(s), 0 Warning(s).
Build target 'Target 1'
compiling main.c...
compiling dht11.c...
linking...
Program Size: Code=7944 RO-data=2956 RW-data=40 ZI-data=1632  
FromELF: creating hex file...
"YT32B1_STM32F103_demo.axf" - 0 Error(s), 0 Warning(s).
Build target 'Target 1'
compiling main.c...
linking...
Program Size: Code=7952 RO-data=2956 RW-data=40 ZI-data=1632  
FromELF: creating hex file...
"YT32B1_STM32F103_demo.axf" - 0 Error(s), 0 Warning(s).
Build target 'Target 1'
compiling main.c...
compiling dht11.c...
linking...
Program Size: Code=7940 RO-data=2956 RW-data=40 ZI-data=1632  
FromELF: creating hex file...
"YT32B1_STM32F103_demo.axf" - 0 Error(s), 0 Warning(s).
Build target 'Target 1'
compiling dht11.c...
linking...
Program Size: Code=7940 RO-data=2956 RW-data=40 ZI-data=1632  
FromELF: creating hex file...
"YT32B1_STM32F103_demo.axf" - 0 Error(s), 0 Warning(s).
Build target 'Target 1'
compiling main.c...
linking...
Program Size: Code=7940 RO-data=2956 RW-data=40 ZI-data=1632  
FromELF: creating hex file...
"YT32B1_STM32F103_demo.axf" - 0 Error(s), 0 Warning(s).
Build target 'Target 1'
compiling main.c...
linking...
Program Size: Code=7940 RO-data=2956 RW-data=40 ZI-data=1632  
FromELF: creating hex file...
"YT32B1_STM32F103_demo.axf" - 0 Error(s), 0 Warning(s).
Build target 'Target 1'
compiling main.c...
linking...
Program Size: Code=7940 RO-data=2956 RW-data=40 ZI-data=1632  
FromELF: creating hex file...
"YT32B1_STM32F103_demo.axf" - 0 Error(s), 0 Warning(s).
Build target 'Target 1'
compiling main.c...
linking...
Program Size: Code=7940 RO-data=2956 RW-data=40 ZI-data=1632  
FromELF: creating hex file...
"YT32B1_STM32F103_demo.axf" - 0 Error(s), 0 Warning(s).
